2019.07.15 12:37:38 INFO  web[][o.s.p.ProcessEntryPoint] Starting web
2019.07.15 12:37:39 INFO  web[][o.a.t.u.n.NioSelectorPool] Using a shared selector for servlet write/read
2019.07.15 12:37:40 INFO  web[][o.e.p.PluginsService] no modules loaded
2019.07.15 12:37:40 INFO  web[][o.e.p.PluginsService] loaded plugin [org.elasticsearch.join.ParentJoinPlugin]
2019.07.15 12:37:40 INFO  web[][o.e.p.PluginsService] loaded plugin [org.elasticsearch.percolator.PercolatorPlugin]
2019.07.15 12:37:40 INFO  web[][o.e.p.PluginsService] loaded plugin [org.elasticsearch.transport.Netty4Plugin]
2019.07.15 12:37:41 INFO  web[][o.s.s.e.EsClientProvider] Connected to local Elasticsearch: [127.0.0.1:9001]
2019.07.15 12:37:41 INFO  web[][o.s.s.p.LogServerVersion] SonarQube Server / 7.8.0.26217 / daf4da5c554d4153a11e68d13a662313e6cecc92
2019.07.15 12:37:41 INFO  web[][o.s.s.p.d.EmbeddedDatabase] Starting embedded database on port 9092 with url jdbc:h2:tcp://127.0.0.1:9092/sonar
2019.07.15 12:37:41 INFO  web[][o.s.s.p.d.EmbeddedDatabase] Embedded database started. Data stored in: C:\Users\Admin\Desktop\sonarqube-7.8\sonarqube-7.8\data
2019.07.15 12:37:41 INFO  web[][o.sonar.db.Database] Create JDBC data source for jdbc:h2:tcp://127.0.0.1:9092/sonar
2019.07.15 12:37:41 WARN  web[][o.s.db.dialect.H2] H2 database should be used for evaluation purpose only.
2019.07.15 12:37:42 INFO  web[][o.s.s.p.ServerFileSystemImpl] SonarQube home: C:\Users\Admin\Desktop\sonarqube-7.8\sonarqube-7.8
2019.07.15 12:37:42 INFO  web[][o.s.s.u.SystemPasscodeImpl] System authentication by passcode is disabled
2019.07.15 12:37:42 INFO  web[][o.s.s.p.d.m.h.MigrationHistoryTableImpl] Creating table schema_migrations
2019.07.15 12:37:42 INFO  web[][o.s.s.p.ServerPluginRepository] Deploy plugin Git / 1.8.0.1574 / aec3dc8f5228aabd218e1cd31ac6e6515a43715d
2019.07.15 12:37:42 INFO  web[][o.s.s.p.ServerPluginRepository] Deploy plugin GitHub Authentication for SonarQube / 1.5.0.870 / 153f7c7af7a264adb0fcbe5fee87bdd140a6a3a1
2019.07.15 12:37:42 INFO  web[][o.s.s.p.ServerPluginRepository] Deploy plugin JaCoCo / 1.0.1.143 / 65c55e41e32c114704fd597ccea91fc55becb4ec
2019.07.15 12:37:42 INFO  web[][o.s.s.p.ServerPluginRepository] Deploy plugin LDAP / 2.2.0.608 / 79dc3fa4393a29667673c70182f3016288b548b7
2019.07.15 12:37:42 INFO  web[][o.s.s.p.ServerPluginRepository] Deploy plugin SAML 2.0 Authentication for SonarQube / 1.1.0.181 / 16fcb5be2d3bcfee8920b29cd758d8b957a18acb
2019.07.15 12:37:42 INFO  web[][o.s.s.p.ServerPluginRepository] Deploy plugin SonarC# / 7.14.0.8411 / 6b1f3f2cfd9555d0683bf65f400f0acc48452adb
2019.07.15 12:37:42 INFO  web[][o.s.s.p.ServerPluginRepository] Deploy plugin SonarCSS / 1.1.0.993 / ebac7cd722f1f455344f46bd3581a3ba4cfd9003
2019.07.15 12:37:42 INFO  web[][o.s.s.p.ServerPluginRepository] Deploy plugin SonarFlex / 2.4.0.1222 / 68d9cb3b7daccbc4869c4f2b89d09218d26a0829
2019.07.15 12:37:42 INFO  web[][o.s.s.p.ServerPluginRepository] Deploy plugin SonarGo / 1.1.1.2000 / 40d55921c7a63b67386a053490d17b6723a46cd5
2019.07.15 12:37:42 INFO  web[][o.s.s.p.ServerPluginRepository] Deploy plugin SonarHTML / 3.1.0.1615 / 4181edb5eff5605bec82dc0aa15ecd70eaa5857f
2019.07.15 12:37:42 INFO  web[][o.s.s.p.ServerPluginRepository] Deploy plugin SonarJS / 5.2.1.7778 / 49f34eaeaad59868d4353d89b1fc5c02bbe51976
2019.07.15 12:37:42 INFO  web[][o.s.s.p.ServerPluginRepository] Deploy plugin SonarJava / 5.13.0.18197 / 35e70591626e1b27bb059f795dda0327c02a09d3
2019.07.15 12:37:42 INFO  web[][o.s.s.p.ServerPluginRepository] Deploy plugin SonarKotlin / 1.5.0.315 / 4ff3a145a58f3f84f1b39846a205a129d742e993
2019.07.15 12:37:42 INFO  web[][o.s.s.p.ServerPluginRepository] Deploy plugin SonarPHP / 3.1.1.4762 / b5f6f72ed396a6908fd2622a7ef141fde816ee9c
2019.07.15 12:37:42 INFO  web[][o.s.s.p.ServerPluginRepository] Deploy plugin SonarPython / 1.14.0.3086 / a6ac95b01b57bfb5f4ca604b4234595bb9f04b7e
2019.07.15 12:37:42 INFO  web[][o.s.s.p.ServerPluginRepository] Deploy plugin SonarRuby / 1.5.0.315 / 4ff3a145a58f3f84f1b39846a205a129d742e993
2019.07.15 12:37:42 INFO  web[][o.s.s.p.ServerPluginRepository] Deploy plugin SonarScala / 1.5.0.315 / 4ff3a145a58f3f84f1b39846a205a129d742e993
2019.07.15 12:37:42 INFO  web[][o.s.s.p.ServerPluginRepository] Deploy plugin SonarTS / 1.9.0.3766 / 4a4080b78001a78d758d1d0fa0190fb9496b6f57
2019.07.15 12:37:42 INFO  web[][o.s.s.p.ServerPluginRepository] Deploy plugin SonarVB / 7.14.0.8411 / 6b1f3f2cfd9555d0683bf65f400f0acc48452adb
2019.07.15 12:37:42 INFO  web[][o.s.s.p.ServerPluginRepository] Deploy plugin SonarXML / 2.0.1.2020 / c5b84004face582d56f110e24c29bf9c6a679e69
2019.07.15 12:37:42 INFO  web[][o.s.s.p.ServerPluginRepository] Deploy plugin Svn / 1.9.0.1295 / 942e075773975354e32691a60bfd968065703e04
2019.07.15 12:37:43 INFO  web[][o.s.s.p.d.m.AutoDbMigration] Automatically perform DB migration on fresh install
2019.07.15 12:37:44 INFO  web[][o.s.s.p.Platform] Database has been automatically updated
2019.07.15 12:37:44 INFO  web[][o.s.s.p.w.MasterServletFilter] Initializing servlet filter org.sonar.server.ws.WebServiceFilter@4272463f [pattern=UrlPattern{inclusions=[/api/system/migrate_db.*, ...], exclusions=[/api/properties*, ...]}]
2019.07.15 12:37:44 INFO  web[][o.s.s.a.EmbeddedTomcat] HTTP connector enabled on port 9000
2019.07.15 12:37:45 INFO  web[][o.s.s.p.UpdateCenterClient] Update center: https://update.sonarsource.org/update-center.properties (no proxy)
2019.07.15 12:37:45 INFO  web[][o.s.s.e.IndexCreator] Create index [metadatas]
2019.07.15 12:37:45 INFO  web[][o.s.s.e.IndexCreator] Create type metadatas/metadata
2019.07.15 12:37:46 INFO  web[][o.s.s.e.IndexCreator] Create index [components]
2019.07.15 12:37:46 INFO  web[][o.s.s.e.IndexCreator] Create type components/auth
2019.07.15 12:37:46 INFO  web[][o.s.s.e.IndexCreator] Create index [projectmeasures]
2019.07.15 12:37:46 INFO  web[][o.s.s.e.IndexCreator] Create type projectmeasures/auth
2019.07.15 12:37:46 INFO  web[][o.s.s.e.IndexCreator] Create index [rules]
2019.07.15 12:37:47 INFO  web[][o.s.s.e.IndexCreator] Create type rules/rule
2019.07.15 12:37:47 INFO  web[][o.s.s.e.IndexCreator] Create index [issues]
2019.07.15 12:37:47 INFO  web[][o.s.s.e.IndexCreator] Create type issues/auth
2019.07.15 12:37:47 INFO  web[][o.s.s.e.IndexCreator] Create index [users]
2019.07.15 12:37:47 INFO  web[][o.s.s.e.IndexCreator] Create type users/user
2019.07.15 12:37:47 INFO  web[][o.s.s.e.IndexCreator] Create index [views]
2019.07.15 12:37:48 INFO  web[][o.s.s.e.IndexCreator] Create type views/view
2019.07.15 12:37:48 INFO  web[][o.s.s.s.LogServerId] Server ID: BF41A1F2-AWv1bJwN0crgYvA-XCD5
2019.07.15 12:37:48 WARN  web[][o.s.s.a.LogOAuthWarning] For security reasons, OAuth authentication should use HTTPS. You should set the property 'Administration > Configuration > Server base URL' to a HTTPS URL.
2019.07.15 12:37:48 WARN  web[][o.s.a.s.w.WebService$Action] The response example is not set on action api/plugins/download
2019.07.15 12:37:48 WARN  web[][o.s.a.s.w.WebService$Action] The response example is not set on action api/permissions/search_templates
2019.07.15 12:37:48 INFO  web[][o.s.s.t.TelemetryDaemon] Sharing of SonarQube statistics is enabled.
2019.07.15 12:37:48 INFO  web[][o.s.s.n.NotificationDaemon] Notification service started (delay 60 sec.)
2019.07.15 12:37:48 INFO  web[][o.s.s.s.GeneratePluginIndex] Generate scanner plugin index
2019.07.15 12:37:48 INFO  web[][o.s.s.s.RegisterPlugins] Register plugins
2019.07.15 12:37:48 INFO  web[][o.s.s.s.RegisterMetrics] Register metrics
2019.07.15 12:37:48 INFO  web[][o.s.s.q.RegisterQualityGates] Built-in quality gate's conditions of [Sonar way] has been updated
2019.07.15 12:37:48 INFO  web[][o.s.s.r.RegisterRules] Register rules
2019.07.15 12:37:56 INFO  web[][o.s.s.q.BuiltInQProfileRepositoryImpl] Load quality profiles
2019.07.15 12:37:57 INFO  web[][o.s.s.q.RegisterQualityProfiles] Register quality profiles
2019.07.15 12:37:57 INFO  web[][o.s.s.q.RegisterQualityProfiles] Register profile css/Sonar way
2019.07.15 12:37:57 INFO  web[][o.s.s.q.RegisterQualityProfiles] Register profile scala/Sonar way
2019.07.15 12:37:57 INFO  web[][o.s.s.q.RegisterQualityProfiles] Register profile jsp/Sonar way
2019.07.15 12:37:57 INFO  web[][o.s.s.q.RegisterQualityProfiles] Register profile kotlin/Sonar way
2019.07.15 12:37:58 INFO  web[][o.s.s.q.RegisterQualityProfiles] Register profile go/Sonar way
2019.07.15 12:37:58 INFO  web[][o.s.s.q.RegisterQualityProfiles] Register profile js/Sonar way Recommended
2019.07.15 12:37:58 INFO  web[][o.s.s.q.RegisterQualityProfiles] Register profile js/Sonar way
2019.07.15 12:37:58 INFO  web[][o.s.s.q.RegisterQualityProfiles] Register profile py/Sonar way
2019.07.15 12:37:58 INFO  web[][o.s.s.q.RegisterQualityProfiles] Register profile ruby/Sonar way
2019.07.15 12:37:58 INFO  web[][o.s.s.q.RegisterQualityProfiles] Register profile cs/Sonar way
2019.07.15 12:37:58 INFO  web[][o.s.s.q.RegisterQualityProfiles] Register profile java/Sonar way
2019.07.15 12:37:59 INFO  web[][o.s.s.q.RegisterQualityProfiles] Register profile web/Sonar way
2019.07.15 12:38:00 INFO  web[][o.s.s.q.RegisterQualityProfiles] Register profile xml/Sonar way
2019.07.15 12:38:00 INFO  web[][o.s.s.q.RegisterQualityProfiles] Register profile flex/Sonar way
2019.07.15 12:38:00 INFO  web[][o.s.s.q.RegisterQualityProfiles] Register profile php/Sonar way
2019.07.15 12:38:00 INFO  web[][o.s.s.q.RegisterQualityProfiles] Register profile php/PSR-2
2019.07.15 12:38:00 INFO  web[][o.s.s.q.RegisterQualityProfiles] Register profile php/Drupal
2019.07.15 12:38:00 INFO  web[][o.s.s.q.RegisterQualityProfiles] Register profile vbnet/Sonar way
2019.07.15 12:38:00 INFO  web[][o.s.s.q.RegisterQualityProfiles] Register profile ts/Sonar way
2019.07.15 12:38:00 INFO  web[][o.s.s.q.RegisterQualityProfiles] Register profile ts/Sonar way recommended
2019.07.15 12:38:00 INFO  web[][o.s.s.s.RegisterPermissionTemplates] Register permission templates
2019.07.15 12:38:00 INFO  web[][o.s.s.s.RenameDeprecatedPropertyKeys] Rename deprecated property keys
2019.07.15 12:38:00 INFO  web[][o.s.s.p.w.MasterServletFilter] Initializing servlet filter org.sonar.server.ws.WebServiceFilter@d4a03f0 [pattern=UrlPattern{inclusions=[/api/issues/delete_comment.*, ...], exclusions=[/api/properties*, ...]}]
2019.07.15 12:38:00 INFO  web[][o.s.s.p.w.MasterServletFilter] Initializing servlet filter org.sonar.server.ws.DeprecatedPropertiesWsFilter@7a69ef2e [pattern=UrlPattern{inclusions=[/api/properties/*], exclusions=[]}]
2019.07.15 12:38:00 INFO  web[][o.s.s.p.w.MasterServletFilter] Initializing servlet filter org.sonar.server.ws.WebServiceReroutingFilter@3b4dac6b [pattern=UrlPattern{inclusions=[/api/components/bulk_update_key, ...], exclusions=[]}]
2019.07.15 12:38:00 INFO  web[][o.s.s.p.w.MasterServletFilter] Initializing servlet filter org.sonar.server.authentication.InitFilter@74dbf19e [pattern=UrlPattern{inclusions=[/sessions/init/*], exclusions=[]}]
2019.07.15 12:38:00 INFO  web[][o.s.s.p.w.MasterServletFilter] Initializing servlet filter org.sonar.server.authentication.OAuth2CallbackFilter@437da2a2 [pattern=UrlPattern{inclusions=[/oauth2/callback/*], exclusions=[]}]
2019.07.15 12:38:00 INFO  web[][o.s.s.p.w.MasterServletFilter] Initializing servlet filter org.sonar.server.authentication.ws.LoginAction@27031cc2 [pattern=UrlPattern{inclusions=[/api/authentication/login], exclusions=[]}]
2019.07.15 12:38:00 INFO  web[][o.s.s.p.w.MasterServletFilter] Initializing servlet filter org.sonar.server.authentication.ws.LogoutAction@37aa0290 [pattern=UrlPattern{inclusions=[/api/authentication/logout], exclusions=[]}]
2019.07.15 12:38:00 INFO  web[][o.s.s.p.w.MasterServletFilter] Initializing servlet filter org.sonar.server.authentication.ws.ValidateAction@7ea70f8d [pattern=UrlPattern{inclusions=[/api/authentication/validate], exclusions=[]}]
2019.07.15 12:38:00 INFO  web[][o.s.s.e.IndexerStartupTask] Indexing of type [rules/rule/activeRule] ...
2019.07.15 12:38:01 INFO  web[][o.s.s.e.IndexerStartupTask] Indexing of type [rules/rule/activeRule] done | time=897ms
2019.07.15 12:38:01 INFO  web[][o.s.s.e.IndexerStartupTask] Indexing of types [rules/rule],[rules/rule/ruleExtension] ...
2019.07.15 12:38:04 INFO  web[][o.s.s.e.IndexerStartupTask] Indexing of types [rules/rule],[rules/rule/ruleExtension] done | time=2216ms
2019.07.15 12:38:04 INFO  web[][o.s.s.e.IndexerStartupTask] Indexing of type [users/user] ...
2019.07.15 12:38:04 INFO  web[][o.s.s.e.IndexerStartupTask] Indexing of type [users/user] done | time=165ms
2019.07.15 12:38:04 INFO  web[][o.s.s.e.IndexerStartupTask] Indexing of type [components/auth/component] ...
2019.07.15 12:38:04 INFO  web[][o.s.s.e.IndexerStartupTask] Indexing of type [components/auth/component] done | time=94ms
2019.07.15 12:38:04 INFO  web[][o.s.s.e.IndexerStartupTask] Indexing of type [views/view] ...
2019.07.15 12:38:04 INFO  web[][o.s.s.e.IndexerStartupTask] Indexing of type [views/view] done | time=87ms
2019.07.15 12:38:04 INFO  web[][o.s.s.e.IndexerStartupTask] Indexing of type [issues/auth/issue] ...
2019.07.15 12:38:04 INFO  web[][o.s.s.e.IndexerStartupTask] Indexing of type [issues/auth/issue] done | time=73ms
2019.07.15 12:38:04 INFO  web[][o.s.s.e.IndexerStartupTask] Indexing of types [components/auth],[projectmeasures/auth],[issues/auth] ...
2019.07.15 12:38:04 INFO  web[][o.s.s.e.IndexerStartupTask] Indexing of types [components/auth],[projectmeasures/auth],[issues/auth] done | time=170ms
2019.07.15 12:38:04 INFO  web[][o.s.s.e.IndexerStartupTask] Indexing of type [projectmeasures/auth/projectmeasure] ...
2019.07.15 12:38:04 INFO  web[][o.s.s.e.IndexerStartupTask] Indexing of type [projectmeasures/auth/projectmeasure] done | time=79ms
2019.07.15 12:38:04 INFO  web[][o.s.s.p.p.PlatformLevelStartup] Running Community Edition
2019.07.15 12:38:04 INFO  web[][o.s.s.p.Platform] WebServer is operational
2019.07.15 14:11:39 INFO  web[][o.s.p.ProcessEntryPoint] Starting web
2019.07.15 14:11:40 INFO  web[][o.a.t.u.n.NioSelectorPool] Using a shared selector for servlet write/read
2019.07.15 14:11:40 INFO  web[][o.e.p.PluginsService] no modules loaded
2019.07.15 14:11:40 INFO  web[][o.e.p.PluginsService] loaded plugin [org.elasticsearch.join.ParentJoinPlugin]
2019.07.15 14:11:40 INFO  web[][o.e.p.PluginsService] loaded plugin [org.elasticsearch.percolator.PercolatorPlugin]
2019.07.15 14:11:40 INFO  web[][o.e.p.PluginsService] loaded plugin [org.elasticsearch.transport.Netty4Plugin]
2019.07.15 14:11:41 INFO  web[][o.s.s.e.EsClientProvider] Connected to local Elasticsearch: [127.0.0.1:9001]
2019.07.15 14:11:41 INFO  web[][o.s.s.p.LogServerVersion] SonarQube Server / 7.8.0.26217 / daf4da5c554d4153a11e68d13a662313e6cecc92
2019.07.15 14:11:44 INFO  web[][o.s.s.p.d.EmbeddedDatabase] Starting embedded database on port 9092 with url jdbc:h2:tcp://127.0.0.1:9092/sonar
2019.07.15 14:11:44 INFO  web[][o.s.s.p.d.EmbeddedDatabase] Embedded database started. Data stored in: C:\Users\Admin\Desktop\sonarqube-7.8\sonarqube-7.8\data
2019.07.15 14:11:44 INFO  web[][o.sonar.db.Database] Create JDBC data source for jdbc:h2:tcp://127.0.0.1:9092/sonar
2019.07.15 14:11:44 WARN  web[][o.s.db.dialect.H2] H2 database should be used for evaluation purpose only.
2019.07.15 14:11:45 INFO  web[][o.s.s.p.ServerFileSystemImpl] SonarQube home: C:\Users\Admin\Desktop\sonarqube-7.8\sonarqube-7.8
2019.07.15 14:11:45 INFO  web[][o.s.s.u.SystemPasscodeImpl] System authentication by passcode is disabled
2019.07.15 14:11:45 INFO  web[][o.s.s.p.ServerPluginRepository] Deploy plugin Git / 1.8.0.1574 / aec3dc8f5228aabd218e1cd31ac6e6515a43715d
2019.07.15 14:11:45 INFO  web[][o.s.s.p.ServerPluginRepository] Deploy plugin GitHub Authentication for SonarQube / 1.5.0.870 / 153f7c7af7a264adb0fcbe5fee87bdd140a6a3a1
2019.07.15 14:11:45 INFO  web[][o.s.s.p.ServerPluginRepository] Deploy plugin JaCoCo / 1.0.1.143 / 65c55e41e32c114704fd597ccea91fc55becb4ec
2019.07.15 14:11:45 INFO  web[][o.s.s.p.ServerPluginRepository] Deploy plugin LDAP / 2.2.0.608 / 79dc3fa4393a29667673c70182f3016288b548b7
2019.07.15 14:11:45 INFO  web[][o.s.s.p.ServerPluginRepository] Deploy plugin SAML 2.0 Authentication for SonarQube / 1.1.0.181 / 16fcb5be2d3bcfee8920b29cd758d8b957a18acb
2019.07.15 14:11:45 INFO  web[][o.s.s.p.ServerPluginRepository] Deploy plugin SonarC# / 7.14.0.8411 / 6b1f3f2cfd9555d0683bf65f400f0acc48452adb
2019.07.15 14:11:45 INFO  web[][o.s.s.p.ServerPluginRepository] Deploy plugin SonarCSS / 1.1.0.993 / ebac7cd722f1f455344f46bd3581a3ba4cfd9003
2019.07.15 14:11:45 INFO  web[][o.s.s.p.ServerPluginRepository] Deploy plugin SonarFlex / 2.4.0.1222 / 68d9cb3b7daccbc4869c4f2b89d09218d26a0829
2019.07.15 14:11:45 INFO  web[][o.s.s.p.ServerPluginRepository] Deploy plugin SonarGo / 1.1.1.2000 / 40d55921c7a63b67386a053490d17b6723a46cd5
2019.07.15 14:11:45 INFO  web[][o.s.s.p.ServerPluginRepository] Deploy plugin SonarHTML / 3.1.0.1615 / 4181edb5eff5605bec82dc0aa15ecd70eaa5857f
2019.07.15 14:11:45 INFO  web[][o.s.s.p.ServerPluginRepository] Deploy plugin SonarJS / 5.2.1.7778 / 49f34eaeaad59868d4353d89b1fc5c02bbe51976
2019.07.15 14:11:45 INFO  web[][o.s.s.p.ServerPluginRepository] Deploy plugin SonarJava / 5.13.0.18197 / 35e70591626e1b27bb059f795dda0327c02a09d3
2019.07.15 14:11:45 INFO  web[][o.s.s.p.ServerPluginRepository] Deploy plugin SonarKotlin / 1.5.0.315 / 4ff3a145a58f3f84f1b39846a205a129d742e993
2019.07.15 14:11:45 INFO  web[][o.s.s.p.ServerPluginRepository] Deploy plugin SonarPHP / 3.1.1.4762 / b5f6f72ed396a6908fd2622a7ef141fde816ee9c
2019.07.15 14:11:45 INFO  web[][o.s.s.p.ServerPluginRepository] Deploy plugin SonarPython / 1.14.0.3086 / a6ac95b01b57bfb5f4ca604b4234595bb9f04b7e
2019.07.15 14:11:45 INFO  web[][o.s.s.p.ServerPluginRepository] Deploy plugin SonarRuby / 1.5.0.315 / 4ff3a145a58f3f84f1b39846a205a129d742e993
2019.07.15 14:11:45 INFO  web[][o.s.s.p.ServerPluginRepository] Deploy plugin SonarScala / 1.5.0.315 / 4ff3a145a58f3f84f1b39846a205a129d742e993
2019.07.15 14:11:45 INFO  web[][o.s.s.p.ServerPluginRepository] Deploy plugin SonarTS / 1.9.0.3766 / 4a4080b78001a78d758d1d0fa0190fb9496b6f57
2019.07.15 14:11:45 INFO  web[][o.s.s.p.ServerPluginRepository] Deploy plugin SonarVB / 7.14.0.8411 / 6b1f3f2cfd9555d0683bf65f400f0acc48452adb
2019.07.15 14:11:45 INFO  web[][o.s.s.p.ServerPluginRepository] Deploy plugin SonarXML / 2.0.1.2020 / c5b84004face582d56f110e24c29bf9c6a679e69
2019.07.15 14:11:45 INFO  web[][o.s.s.p.ServerPluginRepository] Deploy plugin Svn / 1.9.0.1295 / 942e075773975354e32691a60bfd968065703e04
2019.07.15 14:11:47 INFO  web[][o.s.s.p.w.MasterServletFilter] Initializing servlet filter org.sonar.server.ws.WebServiceFilter@6144e1e5 [pattern=UrlPattern{inclusions=[/api/system/migrate_db.*, ...], exclusions=[/api/properties*, ...]}]
2019.07.15 14:11:47 INFO  web[][o.s.s.a.EmbeddedTomcat] HTTP connector enabled on port 9000
2019.07.15 14:11:48 INFO  web[][o.s.s.p.UpdateCenterClient] Update center: https://update.sonarsource.org/update-center.properties (no proxy)
2019.07.15 14:11:48 INFO  web[][o.s.s.s.LogServerId] Server ID: BF41A1F2-AWv1bJwN0crgYvA-XCD5
2019.07.15 14:11:48 WARN  web[][o.s.s.a.LogOAuthWarning] For security reasons, OAuth authentication should use HTTPS. You should set the property 'Administration > Configuration > Server base URL' to a HTTPS URL.
2019.07.15 14:11:48 WARN  web[][o.s.a.s.w.WebService$Action] The response example is not set on action api/plugins/download
2019.07.15 14:11:48 WARN  web[][o.s.a.s.w.WebService$Action] The response example is not set on action api/permissions/search_templates
2019.07.15 14:11:48 INFO  web[][o.s.s.t.TelemetryDaemon] Sharing of SonarQube statistics is enabled.
2019.07.15 14:11:48 INFO  web[][o.s.s.n.NotificationDaemon] Notification service started (delay 60 sec.)
2019.07.15 14:11:48 INFO  web[][o.s.s.s.GeneratePluginIndex] Generate scanner plugin index
2019.07.15 14:11:48 INFO  web[][o.s.s.s.RegisterPlugins] Register plugins
2019.07.15 14:11:48 INFO  web[][o.s.s.s.RegisterMetrics] Register metrics
2019.07.15 14:11:48 INFO  web[][o.s.s.r.RegisterRules] Register rules
2019.07.15 14:11:51 INFO  web[][o.s.s.q.BuiltInQProfileRepositoryImpl] Load quality profiles
2019.07.15 14:11:52 INFO  web[][o.s.s.q.RegisterQualityProfiles] Register quality profiles
2019.07.15 14:11:52 INFO  web[][o.s.s.q.RegisterQualityProfiles] Update profile css/Sonar way
2019.07.15 14:11:52 INFO  web[][o.s.s.q.RegisterQualityProfiles] Update profile scala/Sonar way
2019.07.15 14:11:52 INFO  web[][o.s.s.q.RegisterQualityProfiles] Update profile jsp/Sonar way
2019.07.15 14:11:52 INFO  web[][o.s.s.q.RegisterQualityProfiles] Update profile kotlin/Sonar way
2019.07.15 14:11:52 INFO  web[][o.s.s.q.RegisterQualityProfiles] Update profile go/Sonar way
2019.07.15 14:11:52 INFO  web[][o.s.s.q.RegisterQualityProfiles] Update profile js/Sonar way Recommended
2019.07.15 14:11:52 INFO  web[][o.s.s.q.RegisterQualityProfiles] Update profile js/Sonar way
2019.07.15 14:11:52 INFO  web[][o.s.s.q.RegisterQualityProfiles] Update profile py/Sonar way
2019.07.15 14:11:52 INFO  web[][o.s.s.q.RegisterQualityProfiles] Update profile ruby/Sonar way
2019.07.15 14:11:52 INFO  web[][o.s.s.q.RegisterQualityProfiles] Update profile cs/Sonar way
2019.07.15 14:11:52 INFO  web[][o.s.s.q.RegisterQualityProfiles] Update profile java/Sonar way
2019.07.15 14:11:52 INFO  web[][o.s.s.q.RegisterQualityProfiles] Update profile web/Sonar way
2019.07.15 14:11:52 INFO  web[][o.s.s.q.RegisterQualityProfiles] Update profile xml/Sonar way
2019.07.15 14:11:52 INFO  web[][o.s.s.q.RegisterQualityProfiles] Update profile flex/Sonar way
2019.07.15 14:11:53 INFO  web[][o.s.s.q.RegisterQualityProfiles] Update profile php/Sonar way
2019.07.15 14:11:53 INFO  web[][o.s.s.q.RegisterQualityProfiles] Update profile php/PSR-2
2019.07.15 14:11:53 INFO  web[][o.s.s.q.RegisterQualityProfiles] Update profile php/Drupal
2019.07.15 14:11:53 INFO  web[][o.s.s.q.RegisterQualityProfiles] Update profile vbnet/Sonar way
2019.07.15 14:11:53 INFO  web[][o.s.s.q.RegisterQualityProfiles] Update profile ts/Sonar way
2019.07.15 14:11:53 INFO  web[][o.s.s.q.RegisterQualityProfiles] Update profile ts/Sonar way recommended
2019.07.15 14:11:53 INFO  web[][o.s.s.s.RegisterPermissionTemplates] Register permission templates
2019.07.15 14:11:53 INFO  web[][o.s.s.s.RenameDeprecatedPropertyKeys] Rename deprecated property keys
2019.07.15 14:11:53 INFO  web[][o.s.s.p.w.MasterServletFilter] Initializing servlet filter org.sonar.server.ws.WebServiceFilter@1ea0ca5a [pattern=UrlPattern{inclusions=[/api/issues/delete_comment.*, ...], exclusions=[/api/properties*, ...]}]
2019.07.15 14:11:53 INFO  web[][o.s.s.p.w.MasterServletFilter] Initializing servlet filter org.sonar.server.ws.DeprecatedPropertiesWsFilter@196b8bf2 [pattern=UrlPattern{inclusions=[/api/properties/*], exclusions=[]}]
2019.07.15 14:11:53 INFO  web[][o.s.s.p.w.MasterServletFilter] Initializing servlet filter org.sonar.server.ws.WebServiceReroutingFilter@5b83a101 [pattern=UrlPattern{inclusions=[/api/components/bulk_update_key, ...], exclusions=[]}]
2019.07.15 14:11:53 INFO  web[][o.s.s.p.w.MasterServletFilter] Initializing servlet filter org.sonar.server.authentication.InitFilter@1ff47b87 [pattern=UrlPattern{inclusions=[/sessions/init/*], exclusions=[]}]
2019.07.15 14:11:53 INFO  web[][o.s.s.p.w.MasterServletFilter] Initializing servlet filter org.sonar.server.authentication.OAuth2CallbackFilter@174c7b98 [pattern=UrlPattern{inclusions=[/oauth2/callback/*], exclusions=[]}]
2019.07.15 14:11:53 INFO  web[][o.s.s.p.w.MasterServletFilter] Initializing servlet filter org.sonar.server.authentication.ws.LoginAction@218c1adb [pattern=UrlPattern{inclusions=[/api/authentication/login], exclusions=[]}]
2019.07.15 14:11:53 INFO  web[][o.s.s.p.w.MasterServletFilter] Initializing servlet filter org.sonar.server.authentication.ws.LogoutAction@eaaf053 [pattern=UrlPattern{inclusions=[/api/authentication/logout], exclusions=[]}]
2019.07.15 14:11:53 INFO  web[][o.s.s.p.w.MasterServletFilter] Initializing servlet filter org.sonar.server.authentication.ws.ValidateAction@11626cae [pattern=UrlPattern{inclusions=[/api/authentication/validate], exclusions=[]}]
2019.07.15 14:11:53 INFO  web[][o.s.s.p.p.PlatformLevelStartup] Running Community Edition
2019.07.15 14:11:53 INFO  web[][o.s.s.p.Platform] WebServer is operational
